<?xml version="1.0" encoding="UTF-8"?>
<coverage generated="1778175907676" clover="3.2.0">
  <project timestamp="1778175907676" name="All files">
    <metrics statements="68" coveredstatements="39" conditionals="36" coveredconditionals="16" methods="12" coveredmethods="9" elements="116" coveredelements="64" complexity="0" loc="68" ncloc="68" packages="3" files="5" classes="5"/>
    <package name="server">
      <metrics statements="36" coveredstatements="8" conditionals="16" coveredconditionals="1" methods="2" coveredmethods="0"/>
      <file name="seed.js" path="/home/black/Desktop/desktop-migration/Projects/techtregu/server/seed.js">
        <metrics statements="36" coveredstatements="8" conditionals="16" coveredconditionals="1" methods="2" coveredmethods="0"/>
        <line num="5" count="1" type="stmt"/>
        <line num="6" count="1" type="stmt"/>
        <line num="7" count="1" type="stmt"/>
        <line num="8" count="1" type="stmt"/>
        <line num="10" count="1" type="stmt"/>
        <line num="19" count="1" type="stmt"/>
        <line num="314" count="0" type="stmt"/>
        <line num="316" count="0" type="stmt"/>
        <line num="324" count="0" type="stmt"/>
        <line num="325" count="0" type="stmt"/>
        <line num="326" count="0" type="stmt"/>
        <line num="328" count="0" type="stmt"/>
        <line num="330" count="0" type="cond" truecount="0" falsecount="2"/>
        <line num="331" count="0" type="stmt"/>
        <line num="332" count="0" type="stmt"/>
        <line num="334" count="0" type="stmt"/>
        <line num="335" count="0" type="stmt"/>
        <line num="336" count="0" type="stmt"/>
        <line num="341" count="0" type="stmt"/>
        <line num="342" count="0" type="stmt"/>
        <line num="345" count="0" type="stmt"/>
        <line num="346" count="0" type="cond" truecount="0" falsecount="2"/>
        <line num="347" count="0" type="stmt"/>
        <line num="348" count="0" type="stmt"/>
        <line num="349" count="0" type="stmt"/>
        <line num="352" count="0" type="stmt"/>
        <line num="353" count="0" type="stmt"/>
        <line num="368" count="0" type="stmt"/>
        <line num="371" count="0" type="stmt"/>
        <line num="372" count="0" type="stmt"/>
        <line num="373" count="0" type="stmt"/>
        <line num="376" count="1" type="cond" truecount="1" falsecount="1"/>
        <line num="377" count="0" type="stmt"/>
        <line num="378" count="0" type="stmt"/>
        <line num="379" count="0" type="stmt"/>
        <line num="383" count="1" type="stmt"/>
      </file>
    </package>
    <package name="server.database">
      <metrics statements="15" coveredstatements="14" conditionals="14" coveredconditionals="9" methods="3" coveredmethods="2"/>
      <file name="bootstrap.js" path="/home/black/Desktop/desktop-migration/Projects/techtregu/server/database/bootstrap.js">
        <metrics statements="7" coveredstatements="6" conditionals="11" coveredconditionals="6" methods="1" coveredmethods="0"/>
        <line num="1" count="1" type="stmt"/>
        <line num="4" count="0" type="stmt"/>
        <line num="10" count="5" type="cond" truecount="2" falsecount="0"/>
        <line num="11" count="5" type="stmt"/>
        <line num="12" count="5" type="stmt"/>
        <line num="15" count="5" type="stmt"/>
        <line num="18" count="1" type="stmt"/>
      </file>
      <file name="initSchema.js" path="/home/black/Desktop/desktop-migration/Projects/techtregu/server/database/initSchema.js">
        <metrics statements="8" coveredstatements="8" conditionals="3" coveredconditionals="3" methods="2" coveredmethods="2"/>
        <line num="1" count="1" type="stmt"/>
        <line num="143" count="7" type="stmt"/>
        <line num="144" count="7" type="stmt"/>
        <line num="145" count="126" type="stmt"/>
        <line num="146" count="126" type="stmt"/>
        <line num="148" count="17" type="cond" truecount="2" falsecount="0"/>
        <line num="149" count="2" type="stmt"/>
        <line num="155" count="1" type="stmt"/>
      </file>
    </package>
    <package name="shared">
      <metrics statements="17" coveredstatements="17" conditionals="6" coveredconditionals="6" methods="7" coveredmethods="7"/>
      <file name="contentModeration.js" path="/home/black/Desktop/desktop-migration/Projects/techtregu/shared/contentModeration.js">
        <metrics statements="14" coveredstatements="14" conditionals="6" coveredconditionals="6" methods="3" coveredmethods="3"/>
        <line num="1" count="1" type="stmt"/>
        <line num="19" count="1" type="stmt"/>
        <line num="37" count="16" type="stmt"/>
        <line num="39" count="1872" type="stmt"/>
        <line num="40" count="1584" type="stmt"/>
        <line num="42" count="16" type="stmt"/>
        <line num="50" count="16" type="cond" truecount="2" falsecount="0"/>
        <line num="51" count="6" type="stmt"/>
        <line num="53" count="16" type="cond" truecount="2" falsecount="0"/>
        <line num="54" count="3" type="stmt"/>
        <line num="56" count="16" type="cond" truecount="2" falsecount="0"/>
        <line num="57" count="5" type="stmt"/>
        <line num="60" count="16" type="stmt"/>
        <line num="63" count="1" type="stmt"/>
      </file>
      <file name="locations.js" path="/home/black/Desktop/desktop-migration/Projects/techtregu/shared/locations.js">
        <metrics statements="3" coveredstatements="3" conditionals="0" coveredconditionals="0" methods="4" coveredmethods="4"/>
        <line num="1" count="1" type="stmt"/>
        <line num="50" count="279" type="stmt"/>
        <line num="54" count="180" type="stmt"/>
      </file>
    </package>
  </project>
</coverage>
