{"/home/black/Desktop/desktop-migration/Projects/techtregu/server/seed.js": {"path":"/home/black/Desktop/desktop-migration/Projects/techtregu/server/seed.js","statementMap":{"0":{"start":{"line":5,"column":0},"end":{"line":5,"column":null}},"1":{"start":{"line":6,"column":15},"end":{"line":6,"column":34}},"2":{"start":{"line":7,"column":14},"end":{"line":7,"column":39}},"3":{"start":{"line":8,"column":27},"end":{"line":8,"column":58}},"4":{"start":{"line":10,"column":13},"end":{"line":17,"column":1}},"5":{"start":{"line":19,"column":17},"end":{"line":311,"column":1}},"6":{"start":{"line":314,"column":2},"end":{"line":314,"column":null}},"7":{"start":{"line":316,"column":17},"end":{"line":322,"column":3}},"8":{"start":{"line":324,"column":15},"end":{"line":324,"column":39}},"9":{"start":{"line":325,"column":25},"end":{"line":325,"column":57}},"10":{"start":{"line":326,"column":2},"end":{"line":326,"column":null}},"11":{"start":{"line":328,"column":18},"end":{"line":328,"column":88}},"12":{"start":{"line":330,"column":2},"end":{"line":343,"column":null}},"13":{"start":{"line":331,"column":4},"end":{"line":331,"column":null}},"14":{"start":{"line":332,"column":4},"end":{"line":332,"column":null}},"15":{"start":{"line":334,"column":17},"end":{"line":334,"column":41}},"16":{"start":{"line":335,"column":17},"end":{"line":335,"column":55}},"17":{"start":{"line":336,"column":21},"end":{"line":340,"column":5}},"18":{"start":{"line":341,"column":4},"end":{"line":341,"column":null}},"19":{"start":{"line":342,"column":4},"end":{"line":342,"column":null}},"20":{"start":{"line":345,"column":20},"end":{"line":345,"column":122}},"21":{"start":{"line":346,"column":2},"end":{"line":350,"column":null}},"22":{"start":{"line":347,"column":4},"end":{"line":347,"column":null}},"23":{"start":{"line":348,"column":4},"end":{"line":348,"column":null}},"24":{"start":{"line":349,"column":4},"end":{"line":349,"column":null}},"25":{"start":{"line":352,"column":2},"end":{"line":369,"column":null}},"26":{"start":{"line":353,"column":4},"end":{"line":367,"column":null}},"27":{"start":{"line":368,"column":4},"end":{"line":368,"column":null}},"28":{"start":{"line":371,"column":2},"end":{"line":371,"column":null}},"29":{"start":{"line":372,"column":2},"end":{"line":372,"column":null}},"30":{"start":{"line":373,"column":2},"end":{"line":373,"column":null}},"31":{"start":{"line":376,"column":0},"end":{"line":381,"column":null}},"32":{"start":{"line":377,"column":2},"end":{"line":380,"column":null}},"33":{"start":{"line":378,"column":4},"end":{"line":378,"column":null}},"34":{"start":{"line":379,"column":4},"end":{"line":379,"column":null}},"35":{"start":{"line":383,"column":0},"end":{"line":383,"column":null}}},"fnMap":{"0":{"name":"run","decl":{"start":{"line":313,"column":15},"end":{"line":313,"column":18}},"loc":{"start":{"line":313,"column":21},"end":{"line":374,"column":null}},"line":313},"1":{"name":"(anonymous_1)","decl":{"start":{"line":377,"column":14},"end":{"line":377,"column":15}},"loc":{"start":{"line":377,"column":23},"end":{"line":380,"column":3}},"line":377}},"branchMap":{"0":{"loc":{"start":{"line":317,"column":10},"end":{"line":317,"column":47}},"type":"binary-expr","locations":[{"start":{"line":317,"column":10},"end":{"line":317,"column":32}},{"start":{"line":317,"column":36},"end":{"line":317,"column":47}}],"line":317},"1":{"loc":{"start":{"line":318,"column":10},"end":{"line":318,"column":72}},"type":"cond-expr","locations":[{"start":{"line":318,"column":35},"end":{"line":318,"column":65}},{"start":{"line":318,"column":68},"end":{"line":318,"column":72}}],"line":318},"2":{"loc":{"start":{"line":319,"column":10},"end":{"line":319,"column":42}},"type":"binary-expr","locations":[{"start":{"line":319,"column":10},"end":{"line":319,"column":32}},{"start":{"line":319,"column":36},"end":{"line":319,"column":42}}],"line":319},"3":{"loc":{"start":{"line":320,"column":14},"end":{"line":320,"column":46}},"type":"binary-expr","locations":[{"start":{"line":320,"column":14},"end":{"line":320,"column":40}},{"start":{"line":320,"column":44},"end":{"line":320,"column":46}}],"line":320},"4":{"loc":{"start":{"line":321,"column":14},"end":{"line":321,"column":55}},"type":"binary-expr","locations":[{"start":{"line":321,"column":14},"end":{"line":321,"column":40}},{"start":{"line":321,"column":44},"end":{"line":321,"column":55}}],"line":321},"5":{"loc":{"start":{"line":330,"column":2},"end":{"line":343,"column":null}},"type":"if","locations":[{"start":{"line":330,"column":2},"end":{"line":343,"column":null}},{"start":{"line":333,"column":9},"end":{"line":343,"column":null}}],"line":330},"6":{"loc":{"start":{"line":346,"column":2},"end":{"line":350,"column":null}},"type":"if","locations":[{"start":{"line":346,"column":2},"end":{"line":350,"column":null}},{"start":{},"end":{}}],"line":346},"7":{"loc":{"start":{"line":376,"column":0},"end":{"line":381,"column":null}},"type":"if","locations":[{"start":{"line":376,"column":0},"end":{"line":381,"column":null}},{"start":{},"end":{}}],"line":376}},"s":{"0":1,"1":1,"2":1,"3":1,"4":1,"5":1,"6":0,"7":0,"8":0,"9":0,"10":0,"11":0,"12":0,"13":0,"14":0,"15":0,"16":0,"17":0,"18":0,"19":0,"20":0,"21":0,"22":0,"23":0,"24":0,"25":0,"26":0,"27":0,"28":0,"29":0,"30":0,"31":1,"32":0,"33":0,"34":0,"35":1},"f":{"0":0,"1":0},"b":{"0":[0,0],"1":[0,0],"2":[0,0],"3":[0,0],"4":[0,0],"5":[0,0],"6":[0,0],"7":[0,1]},"meta":{"lastBranch":8,"lastFunction":2,"lastStatement":36,"seen":{"s:5:0:5:Infinity":0,"s:6:15:6:34":1,"s:7:14:7:39":2,"s:8:27:8:58":3,"s:10:13:17:1":4,"s:19:17:311:1":5,"f:313:15:313:18":0,"s:314:2:314:Infinity":6,"s:316:17:322:3":7,"b:317:10:317:32:317:36:317:47":0,"b:318:35:318:65:318:68:318:72":1,"b:319:10:319:32:319:36:319:42":2,"b:320:14:320:40:320:44:320:46":3,"b:321:14:321:40:321:44:321:55":4,"s:324:15:324:39":8,"s:325:25:325:57":9,"s:326:2:326:Infinity":10,"s:328:18:328:88":11,"b:330:2:343:Infinity:333:9:343:Infinity":5,"s:330:2:343:Infinity":12,"s:331:4:331:Infinity":13,"s:332:4:332:Infinity":14,"s:334:17:334:41":15,"s:335:17:335:55":16,"s:336:21:340:5":17,"s:341:4:341:Infinity":18,"s:342:4:342:Infinity":19,"s:345:20:345:122":20,"b:346:2:350:Infinity:undefined:undefined:undefined:undefined":6,"s:346:2:350:Infinity":21,"s:347:4:347:Infinity":22,"s:348:4:348:Infinity":23,"s:349:4:349:Infinity":24,"s:352:2:369:Infinity":25,"s:353:4:367:Infinity":26,"s:368:4:368:Infinity":27,"s:371:2:371:Infinity":28,"s:372:2:372:Infinity":29,"s:373:2:373:Infinity":30,"b:376:0:381:Infinity:undefined:undefined:undefined:undefined":7,"s:376:0:381:Infinity":31,"s:377:2:380:Infinity":32,"f:377:14:377:15":1,"s:378:4:378:Infinity":33,"s:379:4:379:Infinity":34,"s:383:0:383:Infinity":35}}}
,"/home/black/Desktop/desktop-migration/Projects/techtregu/server/database/bootstrap.js": {"path":"/home/black/Desktop/desktop-migration/Projects/techtregu/server/database/bootstrap.js","statementMap":{"0":{"start":{"line":1,"column":0},"end":{"line":1,"column":null}},"1":{"start":{"line":4,"column":17},"end":{"line":9,"column":3}},"2":{"start":{"line":10,"column":13},"end":{"line":10,"column":54}},"3":{"start":{"line":11,"column":15},"end":{"line":11,"column":51}},"4":{"start":{"line":12,"column":2},"end":{"line":14,"column":null}},"5":{"start":{"line":15,"column":2},"end":{"line":15,"column":null}},"6":{"start":{"line":18,"column":0},"end":{"line":18,"column":null}}},"fnMap":{"0":{"name":"ensureDatabase","decl":{"start":{"line":3,"column":15},"end":{"line":3,"column":29}},"loc":{"start":{"line":3,"column":65},"end":{"line":16,"column":null}},"line":3}},"branchMap":{"0":{"loc":{"start":{"line":3,"column":30},"end":{"line":3,"column":63}},"type":"default-arg","locations":[{"start":{"line":3,"column":38},"end":{"line":3,"column":63}}],"line":3},"1":{"loc":{"start":{"line":5,"column":10},"end":{"line":5,"column":47}},"type":"binary-expr","locations":[{"start":{"line":5,"column":10},"end":{"line":5,"column":32}},{"start":{"line":5,"column":36},"end":{"line":5,"column":47}}],"line":5},"2":{"loc":{"start":{"line":6,"column":10},"end":{"line":6,"column":72}},"type":"cond-expr","locations":[{"start":{"line":6,"column":35},"end":{"line":6,"column":65}},{"start":{"line":6,"column":68},"end":{"line":6,"column":72}}],"line":6},"3":{"loc":{"start":{"line":7,"column":10},"end":{"line":7,"column":42}},"type":"binary-expr","locations":[{"start":{"line":7,"column":10},"end":{"line":7,"column":32}},{"start":{"line":7,"column":36},"end":{"line":7,"column":42}}],"line":7},"4":{"loc":{"start":{"line":8,"column":14},"end":{"line":8,"column":46}},"type":"binary-expr","locations":[{"start":{"line":8,"column":14},"end":{"line":8,"column":40}},{"start":{"line":8,"column":44},"end":{"line":8,"column":46}}],"line":8},"5":{"loc":{"start":{"line":10,"column":13},"end":{"line":10,"column":54}},"type":"binary-expr","locations":[{"start":{"line":10,"column":13},"end":{"line":10,"column":39}},{"start":{"line":10,"column":43},"end":{"line":10,"column":54}}],"line":10}},"s":{"0":1,"1":0,"2":5,"3":5,"4":5,"5":5,"6":1},"f":{"0":0},"b":{"0":[0],"1":[0,0],"2":[0,0],"3":[5,5],"4":[5,5],"5":[5,5]},"meta":{"lastBranch":6,"lastFunction":1,"lastStatement":7,"seen":{"s:1:0:1:Infinity":0,"f:3:15:3:29":0,"b:3:38:3:63":0,"s:4:17:9:3":1,"b:5:10:5:32:5:36:5:47":1,"b:6:35:6:65:6:68:6:72":2,"b:7:10:7:32:7:36:7:42":3,"b:8:14:8:40:8:44:8:46":4,"s:10:13:10:54":2,"b:10:13:10:39:10:43:10:54":5,"s:11:15:11:51":3,"s:12:2:14:Infinity":4,"s:15:2:15:Infinity":5,"s:18:0:18:Infinity":6}}}
,"/home/black/Desktop/desktop-migration/Projects/techtregu/server/database/initSchema.js": {"path":"/home/black/Desktop/desktop-migration/Projects/techtregu/server/database/initSchema.js","statementMap":{"0":{"start":{"line":1,"column":19},"end":{"line":140,"column":1}},"1":{"start":{"line":143,"column":25},"end":{"line":143,"column":113}},"2":{"start":{"line":144,"column":2},"end":{"line":152,"column":null}},"3":{"start":{"line":145,"column":4},"end":{"line":151,"column":null}},"4":{"start":{"line":146,"column":6},"end":{"line":146,"column":null}},"5":{"start":{"line":148,"column":6},"end":{"line":150,"column":null}},"6":{"start":{"line":148,"column":40},"end":{"line":148,"column":65}},"7":{"start":{"line":149,"column":8},"end":{"line":149,"column":null}},"8":{"start":{"line":155,"column":0},"end":{"line":155,"column":null}}},"fnMap":{"0":{"name":"initSchema","decl":{"start":{"line":142,"column":15},"end":{"line":142,"column":25}},"loc":{"start":{"line":142,"column":57},"end":{"line":153,"column":null}},"line":142},"1":{"name":"(anonymous_1)","decl":{"start":{"line":148,"column":31},"end":{"line":148,"column":32}},"loc":{"start":{"line":148,"column":40},"end":{"line":148,"column":65}},"line":148}},"branchMap":{"0":{"loc":{"start":{"line":142,"column":26},"end":{"line":142,"column":55}},"type":"default-arg","locations":[{"start":{"line":142,"column":33},"end":{"line":142,"column":55}}],"line":142},"1":{"loc":{"start":{"line":148,"column":6},"end":{"line":150,"column":null}},"type":"if","locations":[{"start":{"line":148,"column":6},"end":{"line":150,"column":null}},{"start":{},"end":{}}],"line":148}},"s":{"0":1,"1":7,"2":7,"3":126,"4":126,"5":6,"6":17,"7":2,"8":1},"f":{"0":7,"1":17},"b":{"0":[7],"1":[2,4]},"meta":{"lastBranch":2,"lastFunction":2,"lastStatement":9,"seen":{"s:1:19:140:1":0,"f:142:15:142:25":0,"b:142:33:142:55":0,"s:143:25:143:113":1,"s:144:2:152:Infinity":2,"s:145:4:151:Infinity":3,"s:146:6:146:Infinity":4,"b:148:6:150:Infinity:undefined:undefined:undefined:undefined":1,"s:148:6:150:Infinity":5,"f:148:31:148:32":1,"s:148:40:148:65":6,"s:149:8:149:Infinity":7,"s:155:0:155:Infinity":8}}}
,"/home/black/Desktop/desktop-migration/Projects/techtregu/shared/contentModeration.js": {"path":"/home/black/Desktop/desktop-migration/Projects/techtregu/shared/contentModeration.js","statementMap":{"0":{"start":{"line":1,"column":22},"end":{"line":17,"column":1}},"1":{"start":{"line":19,"column":22},"end":{"line":32,"column":1}},"2":{"start":{"line":37,"column":15},"end":{"line":37,"column":54}},"3":{"start":{"line":39,"column":20},"end":{"line":39,"column":84}},"4":{"start":{"line":39,"column":46},"end":{"line":39,"column":76}},"5":{"start":{"line":40,"column":20},"end":{"line":40,"column":84}},"6":{"start":{"line":40,"column":46},"end":{"line":40,"column":76}},"7":{"start":{"line":42,"column":17},"end":{"line":48,"column":3}},"8":{"start":{"line":50,"column":2},"end":{"line":52,"column":null}},"9":{"start":{"line":51,"column":4},"end":{"line":51,"column":null}},"10":{"start":{"line":53,"column":2},"end":{"line":55,"column":null}},"11":{"start":{"line":54,"column":4},"end":{"line":54,"column":null}},"12":{"start":{"line":56,"column":2},"end":{"line":58,"column":null}},"13":{"start":{"line":57,"column":4},"end":{"line":57,"column":null}},"14":{"start":{"line":60,"column":2},"end":{"line":60,"column":null}},"15":{"start":{"line":63,"column":0},"end":{"line":63,"column":null}}},"fnMap":{"0":{"name":"analyzeContent","decl":{"start":{"line":36,"column":9},"end":{"line":36,"column":23}},"loc":{"start":{"line":36,"column":44},"end":{"line":61,"column":null}},"line":36},"1":{"name":"(anonymous_1)","decl":{"start":{"line":39,"column":41},"end":{"line":39,"column":42}},"loc":{"start":{"line":39,"column":46},"end":{"line":39,"column":76}},"line":39},"2":{"name":"(anonymous_2)","decl":{"start":{"line":40,"column":41},"end":{"line":40,"column":42}},"loc":{"start":{"line":40,"column":46},"end":{"line":40,"column":76}},"line":40}},"branchMap":{"0":{"loc":{"start":{"line":50,"column":2},"end":{"line":52,"column":null}},"type":"if","locations":[{"start":{"line":50,"column":2},"end":{"line":52,"column":null}},{"start":{},"end":{}}],"line":50},"1":{"loc":{"start":{"line":53,"column":2},"end":{"line":55,"column":null}},"type":"if","locations":[{"start":{"line":53,"column":2},"end":{"line":55,"column":null}},{"start":{},"end":{}}],"line":53},"2":{"loc":{"start":{"line":56,"column":2},"end":{"line":58,"column":null}},"type":"if","locations":[{"start":{"line":56,"column":2},"end":{"line":58,"column":null}},{"start":{},"end":{}}],"line":56}},"s":{"0":1,"1":1,"2":16,"3":16,"4":1872,"5":16,"6":1584,"7":16,"8":16,"9":6,"10":16,"11":3,"12":16,"13":5,"14":16,"15":1},"f":{"0":16,"1":1872,"2":1584},"b":{"0":[6,10],"1":[3,13],"2":[5,11]},"meta":{"lastBranch":3,"lastFunction":3,"lastStatement":16,"seen":{"s:1:22:17:1":0,"s:19:22:32:1":1,"f:36:9:36:23":0,"s:37:15:37:54":2,"s:39:20:39:84":3,"f:39:41:39:42":1,"s:39:46:39:76":4,"s:40:20:40:84":5,"f:40:41:40:42":2,"s:40:46:40:76":6,"s:42:17:48:3":7,"b:50:2:52:Infinity:undefined:undefined:undefined:undefined":0,"s:50:2:52:Infinity":8,"s:51:4:51:Infinity":9,"b:53:2:55:Infinity:undefined:undefined:undefined:undefined":1,"s:53:2:55:Infinity":10,"s:54:4:54:Infinity":11,"b:56:2:58:Infinity:undefined:undefined:undefined:undefined":2,"s:56:2:58:Infinity":12,"s:57:4:57:Infinity":13,"s:60:2:60:Infinity":14,"s:63:0:63:Infinity":15}}}
,"/home/black/Desktop/desktop-migration/Projects/techtregu/shared/locations.js": {"path":"/home/black/Desktop/desktop-migration/Projects/techtregu/shared/locations.js","statementMap":{"0":{"start":{"line":1,"column":25},"end":{"line":47,"column":1}},"1":{"start":{"line":50,"column":2},"end":{"line":50,"column":null}},"2":{"start":{"line":50,"column":29},"end":{"line":50,"column":44}},"3":{"start":{"line":54,"column":2},"end":{"line":54,"column":null}},"4":{"start":{"line":54,"column":29},"end":{"line":54,"column":59}}},"fnMap":{"0":{"name":"getLocationByCode","decl":{"start":{"line":49,"column":16},"end":{"line":49,"column":33}},"loc":{"start":{"line":49,"column":40},"end":{"line":51,"column":null}},"line":49},"1":{"name":"(anonymous_1)","decl":{"start":{"line":50,"column":24},"end":{"line":50,"column":25}},"loc":{"start":{"line":50,"column":29},"end":{"line":50,"column":44}},"line":50},"2":{"name":"getLocations","decl":{"start":{"line":53,"column":16},"end":{"line":53,"column":28}},"loc":{"start":{"line":53,"column":31},"end":{"line":55,"column":null}},"line":53},"3":{"name":"(anonymous_3)","decl":{"start":{"line":54,"column":23},"end":{"line":54,"column":24}},"loc":{"start":{"line":54,"column":29},"end":{"line":54,"column":59}},"line":54}},"branchMap":{},"s":{"0":1,"1":8,"2":279,"3":4,"4":180},"f":{"0":8,"1":279,"2":4,"3":180},"b":{},"meta":{"lastBranch":0,"lastFunction":4,"lastStatement":5,"seen":{"s:1:25:47:1":0,"f:49:16:49:33":0,"s:50:2:50:Infinity":1,"f:50:24:50:25":1,"s:50:29:50:44":2,"f:53:16:53:28":2,"s:54:2:54:Infinity":3,"f:54:23:54:24":3,"s:54:29:54:59":4}}}
}
