{"/home/black/Desktop/desktop-migration/Projects/techtregu/shared/contentModeration.js": {"path":"/home/black/Desktop/desktop-migration/Projects/techtregu/shared/contentModeration.js","statementMap":{"0":{"start":{"line":1,"column":22},"end":{"line":17,"column":1}},"1":{"start":{"line":19,"column":22},"end":{"line":32,"column":1}},"2":{"start":{"line":37,"column":15},"end":{"line":37,"column":54}},"3":{"start":{"line":39,"column":20},"end":{"line":39,"column":84}},"4":{"start":{"line":39,"column":46},"end":{"line":39,"column":76}},"5":{"start":{"line":40,"column":20},"end":{"line":40,"column":84}},"6":{"start":{"line":40,"column":46},"end":{"line":40,"column":76}},"7":{"start":{"line":42,"column":17},"end":{"line":48,"column":3}},"8":{"start":{"line":50,"column":2},"end":{"line":52,"column":null}},"9":{"start":{"line":51,"column":4},"end":{"line":51,"column":null}},"10":{"start":{"line":53,"column":2},"end":{"line":55,"column":null}},"11":{"start":{"line":54,"column":4},"end":{"line":54,"column":null}},"12":{"start":{"line":56,"column":2},"end":{"line":58,"column":null}},"13":{"start":{"line":57,"column":4},"end":{"line":57,"column":null}},"14":{"start":{"line":60,"column":2},"end":{"line":60,"column":null}},"15":{"start":{"line":63,"column":0},"end":{"line":63,"column":null}}},"fnMap":{"0":{"name":"analyzeContent","decl":{"start":{"line":36,"column":9},"end":{"line":36,"column":23}},"loc":{"start":{"line":36,"column":44},"end":{"line":61,"column":null}},"line":36},"1":{"name":"(anonymous_1)","decl":{"start":{"line":39,"column":41},"end":{"line":39,"column":42}},"loc":{"start":{"line":39,"column":46},"end":{"line":39,"column":76}},"line":39},"2":{"name":"(anonymous_2)","decl":{"start":{"line":40,"column":41},"end":{"line":40,"column":42}},"loc":{"start":{"line":40,"column":46},"end":{"line":40,"column":76}},"line":40}},"branchMap":{"0":{"loc":{"start":{"line":50,"column":2},"end":{"line":52,"column":null}},"type":"if","locations":[{"start":{"line":50,"column":2},"end":{"line":52,"column":null}},{"start":{},"end":{}}],"line":50},"1":{"loc":{"start":{"line":53,"column":2},"end":{"line":55,"column":null}},"type":"if","locations":[{"start":{"line":53,"column":2},"end":{"line":55,"column":null}},{"start":{},"end":{}}],"line":53},"2":{"loc":{"start":{"line":56,"column":2},"end":{"line":58,"column":null}},"type":"if","locations":[{"start":{"line":56,"column":2},"end":{"line":58,"column":null}},{"start":{},"end":{}}],"line":56}},"s":{"0":1,"1":1,"2":16,"3":16,"4":1872,"5":16,"6":1584,"7":16,"8":16,"9":6,"10":16,"11":3,"12":16,"13":5,"14":16,"15":1},"f":{"0":16,"1":1872,"2":1584},"b":{"0":[6,10],"1":[3,13],"2":[5,11]},"meta":{"lastBranch":3,"lastFunction":3,"lastStatement":16,"seen":{"s:1:22:17:1":0,"s:19:22:32:1":1,"f:36:9:36:23":0,"s:37:15:37:54":2,"s:39:20:39:84":3,"f:39:41:39:42":1,"s:39:46:39:76":4,"s:40:20:40:84":5,"f:40:41:40:42":2,"s:40:46:40:76":6,"s:42:17:48:3":7,"b:50:2:52:Infinity:undefined:undefined:undefined:undefined":0,"s:50:2:52:Infinity":8,"s:51:4:51:Infinity":9,"b:53:2:55:Infinity:undefined:undefined:undefined:undefined":1,"s:53:2:55:Infinity":10,"s:54:4:54:Infinity":11,"b:56:2:58:Infinity:undefined:undefined:undefined:undefined":2,"s:56:2:58:Infinity":12,"s:57:4:57:Infinity":13,"s:60:2:60:Infinity":14,"s:63:0:63:Infinity":15}}}
}
